<?xml version="1.0" encoding="UTF-8"?>
<!-- Generated by org.testng.reporters.JUnitXMLReporter -->
<testsuite ignored="4" hostname="LAPTOP-A8BVRJ77" failures="0" tests="6" name="HighLevel Test cases" time="0.027" errors="0" timestamp="2022-05-17T17:19:41 IST">
  <testcase classname="com.gowtham.testNG.GroupingExample" name="lenovo1" time="0.003"/>
  <testcase classname="com.gowtham.testNG.GroupingExample" name="lenovo2" time="0.0"/>
  <testcase classname="com.gowtham.testNG.GroupingExample" name="lenovo3" time="0.001"/>
  <testcase classname="com.gowtham.testNG.ApplePhones" name="Apple1" time="0.001"/>
  <testcase classname="com.gowtham.testNG.ApplePhones" name="Apple2" time="0.0"/>
  <testcase classname="com.gowtham.testNG.ApplePhones" name="Apple3" time="0.0"/>
  <testcase classname="com.gowtham.testNG.GroupingExample" name="Motorola4" time="0.0">
    <ignored/>
  </testcase> <!-- Motorola4 -->
  <testcase classname="com.gowtham.testNG.GroupingExample" name="Motorola2" time="0.0">
    <ignored/>
  </testcase> <!-- Motorola2 -->
  <testcase classname="com.gowtham.testNG.GroupingExample" name="Motorola3" time="0.0">
    <ignored/>
  </testcase> <!-- Motorola3 -->
  <testcase classname="com.gowtham.testNG.GroupingExample" name="Motorola1" time="0.0">
    <ignored/>
  </testcase> <!-- Motorola1 -->
</testsuite> <!-- HighLevel Test cases -->
