<?xml version="1.0" encoding="UTF-8"?>
<testng-results ignored="0" total="1" passed="1" failed="0" skipped="0">
  <reporter-output>
  </reporter-output>
  <suite started-at="2022-05-30T11:55:23 IST" name="Default suite" finished-at="2022-05-30T11:55:40 IST" duration-ms="17483">
    <groups>
    </groups>
    <test started-at="2022-05-30T11:55:23 IST" name="Default test" finished-at="2022-05-30T11:55:40 IST" duration-ms="17483">
      <class name="pageObjectModel.LoginWithoutFindby$LoginTestCase">
        <test-method signature="login()[pri:0, instance:pageObjectModel.LoginWithoutFindby$LoginTestCase@1ed6388a]" started-at="2022-05-30T11:55:23 IST" name="login" finished-at="2022-05-30T11:55:40 IST" duration-ms="17463" status="PASS">
          <reporter-output>
          </reporter-output>
        </test-method> <!-- login -->
      </class> <!-- pageObjectModel.LoginWithoutFindby$LoginTestCase -->
    </test> <!-- Default test -->
  </suite> <!-- Default suite -->
</testng-results>
