<?xml version="1.0" encoding="UTF-8"?>
<!-- Generated by org.testng.reporters.JUnitXMLReporter -->
<testsuite ignored="0" hostname="LAPTOP-A8BVRJ77" failures="1" tests="7" name="HighLevel Test cases" time="0.042" errors="0" timestamp="2022-05-27T15:40:01 IST">
  <testcase classname="testNG.AAB" name="name" time="0.008"/>
  <testcase classname="testNG.AAB" name="name1" time="0.001"/>
  <testcase classname="testNG.AAB" name="name3" time="0.001">
    <failure type="java.lang.AssertionError" message="expected [This should be false] but found [true]">
      <![CDATA[java.lang.AssertionError: expected [This should be false] but found [true]
at testNG.AAB.name3(AAB.java:36)
at java.base/java.util.ArrayList.forEach(ArrayList.java:1511)
... Removed 32 stack frames]]>
    </failure>
  </testcase> <!-- name3 -->
  <testcase classname="testNG.AAB" name="name6" time="0.0"/>
  <testcase classname="testNG.ApplePhones" name="Apple1" time="0.001"/>
  <testcase classname="testNG.ApplePhones" name="Apple2" time="0.001"/>
  <testcase classname="testNG.ApplePhones" name="Apple3" time="0.0"/>
</testsuite> <!-- HighLevel Test cases -->
