<?xml version="1.0" encoding="UTF-8"?>
<!-- Generated by org.testng.reporters.JUnitXMLReporter -->
<testsuite ignored="0" hostname="LAPTOP-A8BVRJ77" failures="0" tests="8" name="test2" time="0.017" errors="0" timestamp="2022-05-27T15:40:01 IST">
  <testcase classname="testNG.GroupingExample" name="Motorola1" time="0.0"/>
  <testcase classname="testNG.GroupingExample" name="Motorola3" time="0.0"/>
  <testcase classname="testNG.GroupingExample" name="Motorola4" time="0.0"/>
  <testcase classname="testNG.GroupingExample" name="lenovo1" time="0.001"/>
  <testcase classname="testNG.GroupingExample" name="lenovo2" time="0.001"/>
  <testcase classname="testNG.GroupingExample" name="lenovo3" time="0.001"/>
  <testcase classname="testNG.GroupingExample" name="Motorola2" time="0.001"/>
  <testcase classname="testNG.ParameterExample" name="gowtham" time="0.0"/>
</testsuite> <!-- test2 -->
