<?xml version="1.0" encoding="UTF-8"?>
<!-- Generated by org.testng.reporters.JUnitXMLReporter -->
<testsuite ignored="0" hostname="LAPTOP-A8BVRJ77" failures="0" tests="5" name="HighLevel Test cases" time="0.051" errors="0" timestamp="2022-05-18T11:19:04 IST">
  <testcase classname="testNG.AnnotationsExample" name="testMethod1" time="0.003"/>
  <testcase classname="testNG.AnnotationsExample" name="testMethod2" time="0.002"/>
  <testcase classname="testNG.ApplePhones" name="Apple1" time="0.001"/>
  <testcase classname="testNG.ApplePhones" name="Apple2" time="0.0"/>
  <testcase classname="testNG.ApplePhones" name="Apple3" time="0.001"/>
</testsuite> <!-- HighLevel Test cases -->
