<?xml version="1.0" encoding="UTF-8"?>
<!-- Generated by org.testng.reporters.JUnitXMLReporter -->
<testsuite ignored="0" hostname="LAPTOP-A8BVRJ77" failures="0" tests="5" name="HighLevel Test cases" time="0.032" errors="0" timestamp="2022-05-17T18:27:45 IST">
  <testcase classname="com.gowtham.testNG.AnnotationsExample" name="testMethod1" time="0.003"/>
  <testcase classname="com.gowtham.testNG.AnnotationsExample" name="testMethod2" time="0.0"/>
  <testcase classname="com.gowtham.testNG.ApplePhones" name="Apple1" time="0.0"/>
  <testcase classname="com.gowtham.testNG.ApplePhones" name="Apple2" time="0.001"/>
  <testcase classname="com.gowtham.testNG.ApplePhones" name="Apple3" time="0.0"/>
</testsuite> <!-- HighLevel Test cases -->
