<?xml version="1.0" encoding="UTF-8"?>
<!-- Generated by org.testng.reporters.JUnitXMLReporter -->
<testsuite ignored="7" hostname="LAPTOP-A8BVRJ77" failures="0" tests="3" name="test2" time="0.009" errors="0" timestamp="2022-05-18T11:19:04 IST">
  <testcase classname="testNG.GroupingExample" name="lenovo1" time="0.0"/>
  <testcase classname="testNG.GroupingExample" name="lenovo2" time="0.001"/>
  <testcase classname="testNG.GroupingExample" name="lenovo3" time="0.001"/>
  <testcase classname="testNG.GroupingExample" name="Motorola2" time="0.0">
    <ignored/>
  </testcase> <!-- Motorola2 -->
  <testcase classname="testNG.GroupingExample" name="Motorola1" time="0.0">
    <ignored/>
  </testcase> <!-- Motorola1 -->
  <testcase classname="testNG.ApplePhones" name="Apple1" time="0.0">
    <ignored/>
  </testcase> <!-- Apple1 -->
  <testcase classname="testNG.GroupingExample" name="Motorola4" time="0.0">
    <ignored/>
  </testcase> <!-- Motorola4 -->
  <testcase classname="testNG.GroupingExample" name="Motorola3" time="0.0">
    <ignored/>
  </testcase> <!-- Motorola3 -->
  <testcase classname="testNG.ApplePhones" name="Apple2" time="0.0">
    <ignored/>
  </testcase> <!-- Apple2 -->
  <testcase classname="testNG.ApplePhones" name="Apple3" time="0.0">
    <ignored/>
  </testcase> <!-- Apple3 -->
</testsuite> <!-- test2 -->
