<?xml version="1.0" encoding="UTF-8"?>
<testng-results ignored="0" total="2" passed="2" failed="0" skipped="0">
  <reporter-output>
  </reporter-output>
  <suite started-at="2022-05-17T18:49:12 IST" name="Default suite" finished-at="2022-05-17T18:49:12 IST" duration-ms="26">
    <groups>
      <group name="Namachivaya">
        <method signature="Annotationhireachy.name()[pri:0, instance:com.gowtham.testNG.Annotationhireachy@48974e45]" name="name" class="com.gowtham.testNG.Annotationhireachy"/>
        <method signature="Annotationhireachy.name1()[pri:0, instance:com.gowtham.testNG.Annotationhireachy@48974e45]" name="name1" class="com.gowtham.testNG.Annotationhireachy"/>
      </group> <!-- Namachivaya -->
    </groups>
    <test started-at="2022-05-17T18:49:12 IST" name="Default test" finished-at="2022-05-17T18:49:12 IST" duration-ms="26">
      <class name="com.gowtham.testNG.Annotationhireachy">
        <test-method is-config="true" signature="beforesuite()[pri:0, instance:com.gowtham.testNG.Annotationhireachy@48974e45]" started-at="2022-05-17T18:49:12 IST" name="beforesuite" finished-at="2022-05-17T18:49:12 IST" duration-ms="4" status="PASS">
          <reporter-output>
          </reporter-output>
        </test-method> <!-- beforesuite -->
        <test-method is-config="true" signature="beforetest()[pri:0, instance:com.gowtham.testNG.Annotationhireachy@48974e45]" started-at="2022-05-17T18:49:12 IST" name="beforetest" finished-at="2022-05-17T18:49:12 IST" duration-ms="1" status="PASS">
          <reporter-output>
          </reporter-output>
        </test-method> <!-- beforetest -->
        <test-method is-config="true" signature="beforeclass()[pri:0, instance:com.gowtham.testNG.Annotationhireachy@48974e45]" started-at="2022-05-17T18:49:12 IST" name="beforeclass" finished-at="2022-05-17T18:49:12 IST" duration-ms="1" status="PASS">
          <reporter-output>
          </reporter-output>
        </test-method> <!-- beforeclass -->
        <test-method is-config="true" signature="beforemethod()[pri:0, instance:com.gowtham.testNG.Annotationhireachy@48974e45]" started-at="2022-05-17T18:49:12 IST" name="beforemethod" finished-at="2022-05-17T18:49:12 IST" duration-ms="0" status="PASS">
          <reporter-output>
          </reporter-output>
        </test-method> <!-- beforemethod -->
        <test-method signature="name()[pri:0, instance:com.gowtham.testNG.Annotationhireachy@48974e45]" started-at="2022-05-17T18:49:12 IST" name="name" finished-at="2022-05-17T18:49:12 IST" duration-ms="3" status="PASS">
          <reporter-output>
          </reporter-output>
        </test-method> <!-- name -->
        <test-method is-config="true" signature="aftermethod()[pri:0, instance:com.gowtham.testNG.Annotationhireachy@48974e45]" started-at="2022-05-17T18:49:12 IST" name="aftermethod" finished-at="2022-05-17T18:49:12 IST" duration-ms="0" status="PASS">
          <reporter-output>
          </reporter-output>
        </test-method> <!-- aftermethod -->
        <test-method signature="name1()[pri:0, instance:com.gowtham.testNG.Annotationhireachy@48974e45]" started-at="2022-05-17T18:49:12 IST" name="name1" finished-at="2022-05-17T18:49:12 IST" duration-ms="1" status="PASS">
          <reporter-output>
          </reporter-output>
        </test-method> <!-- name1 -->
        <test-method is-config="true" signature="beforemethod()[pri:0, instance:com.gowtham.testNG.Annotationhireachy@48974e45]" started-at="2022-05-17T18:49:12 IST" name="beforemethod" finished-at="2022-05-17T18:49:12 IST" duration-ms="0" status="PASS">
          <reporter-output>
          </reporter-output>
        </test-method> <!-- beforemethod -->
        <test-method is-config="true" signature="afterclass()[pri:0, instance:com.gowtham.testNG.Annotationhireachy@48974e45]" started-at="2022-05-17T18:49:12 IST" name="afterclass" finished-at="2022-05-17T18:49:12 IST" duration-ms="1" status="PASS">
          <reporter-output>
          </reporter-output>
        </test-method> <!-- afterclass -->
        <test-method is-config="true" signature="aftermethod()[pri:0, instance:com.gowtham.testNG.Annotationhireachy@48974e45]" started-at="2022-05-17T18:49:12 IST" name="aftermethod" finished-at="2022-05-17T18:49:12 IST" duration-ms="0" status="PASS">
          <reporter-output>
          </reporter-output>
        </test-method> <!-- aftermethod -->
        <test-method is-config="true" signature="Aftertest()[pri:0, instance:com.gowtham.testNG.Annotationhireachy@48974e45]" started-at="2022-05-17T18:49:12 IST" name="Aftertest" finished-at="2022-05-17T18:49:12 IST" duration-ms="0" status="PASS">
          <reporter-output>
          </reporter-output>
        </test-method> <!-- Aftertest -->
        <test-method is-config="true" signature="Aftersuite()[pri:0, instance:com.gowtham.testNG.Annotationhireachy@48974e45]" started-at="2022-05-17T18:49:12 IST" name="Aftersuite" finished-at="2022-05-17T18:49:12 IST" duration-ms="0" status="PASS">
          <reporter-output>
          </reporter-output>
        </test-method> <!-- Aftersuite -->
      </class> <!-- com.gowtham.testNG.Annotationhireachy -->
    </test> <!-- Default test -->
  </suite> <!-- Default suite -->
</testng-results>
