<?xml version="1.0" encoding="UTF-8"?>
<testng-results ignored="0" total="7" passed="7" failed="0" skipped="0">
  <reporter-output>
  </reporter-output>
  <suite started-at="2022-05-18T19:12:03 IST" name="Default suite" finished-at="2022-05-18T19:12:03 IST" duration-ms="34">
    <groups>
      <group name="Lenovo">
        <method signature="GroupingExample.lenovo1()[pri:0, instance:testNG.GroupingExample@5fa07e12]" name="lenovo1" class="testNG.GroupingExample"/>
        <method signature="GroupingExample.lenovo2()[pri:0, instance:testNG.GroupingExample@5fa07e12]" name="lenovo2" class="testNG.GroupingExample"/>
        <method signature="GroupingExample.lenovo3()[pri:0, instance:testNG.GroupingExample@5fa07e12]" name="lenovo3" class="testNG.GroupingExample"/>
      </group> <!-- Lenovo -->
      <group name="Motorola">
        <method signature="GroupingExample.Motorola1()[pri:0, instance:testNG.GroupingExample@5fa07e12]" name="Motorola1" class="testNG.GroupingExample"/>
        <method signature="GroupingExample.Motorola2()[pri:4, instance:testNG.GroupingExample@5fa07e12]" name="Motorola2" class="testNG.GroupingExample"/>
        <method signature="GroupingExample.Motorola3()[pri:0, instance:testNG.GroupingExample@5fa07e12]" name="Motorola3" class="testNG.GroupingExample"/>
        <method signature="GroupingExample.Motorola4()[pri:0, instance:testNG.GroupingExample@5fa07e12]" name="Motorola4" class="testNG.GroupingExample"/>
      </group> <!-- Motorola -->
    </groups>
    <test started-at="2022-05-18T19:12:03 IST" name="Default test" finished-at="2022-05-18T19:12:03 IST" duration-ms="34">
      <class name="testNG.GroupingExample">
        <test-method signature="Motorola1()[pri:0, instance:testNG.GroupingExample@5fa07e12]" started-at="2022-05-18T19:12:03 IST" name="Motorola1" finished-at="2022-05-18T19:12:03 IST" duration-ms="5" status="PASS">
          <reporter-output>
          </reporter-output>
        </test-method> <!-- Motorola1 -->
        <test-method signature="Motorola3()[pri:0, instance:testNG.GroupingExample@5fa07e12]" started-at="2022-05-18T19:12:03 IST" name="Motorola3" finished-at="2022-05-18T19:12:03 IST" duration-ms="1" status="PASS">
          <reporter-output>
          </reporter-output>
        </test-method> <!-- Motorola3 -->
        <test-method signature="Motorola4()[pri:0, instance:testNG.GroupingExample@5fa07e12]" started-at="2022-05-18T19:12:03 IST" name="Motorola4" finished-at="2022-05-18T19:12:03 IST" duration-ms="1" status="PASS">
          <reporter-output>
          </reporter-output>
        </test-method> <!-- Motorola4 -->
        <test-method signature="lenovo1()[pri:0, instance:testNG.GroupingExample@5fa07e12]" started-at="2022-05-18T19:12:03 IST" name="lenovo1" finished-at="2022-05-18T19:12:03 IST" duration-ms="1" status="PASS">
          <reporter-output>
          </reporter-output>
        </test-method> <!-- lenovo1 -->
        <test-method signature="lenovo2()[pri:0, instance:testNG.GroupingExample@5fa07e12]" started-at="2022-05-18T19:12:03 IST" name="lenovo2" finished-at="2022-05-18T19:12:03 IST" duration-ms="0" status="PASS">
          <reporter-output>
          </reporter-output>
        </test-method> <!-- lenovo2 -->
        <test-method signature="lenovo3()[pri:0, instance:testNG.GroupingExample@5fa07e12]" started-at="2022-05-18T19:12:03 IST" name="lenovo3" finished-at="2022-05-18T19:12:03 IST" duration-ms="1" status="PASS">
          <reporter-output>
          </reporter-output>
        </test-method> <!-- lenovo3 -->
        <test-method signature="Motorola2()[pri:4, instance:testNG.GroupingExample@5fa07e12]" started-at="2022-05-18T19:12:03 IST" name="Motorola2" finished-at="2022-05-18T19:12:03 IST" duration-ms="0" status="PASS">
          <reporter-output>
          </reporter-output>
        </test-method> <!-- Motorola2 -->
      </class> <!-- testNG.GroupingExample -->
    </test> <!-- Default test -->
  </suite> <!-- Default suite -->
</testng-results>
